D:\USERS\PAKULKARNI\DOCUMENTS\VISUAL STUDIO 2012\PROJECTS\BABYCRYENGINE\BABYCRYENGINE\DEBUG\DEVICEENUMERATION.OBJ
D:\USERS\PAKULKARNI\DOCUMENTS\VISUAL STUDIO 2012\PROJECTS\BABYCRYENGINE\BABYCRYENGINE\DEBUG\ENGINE.OBJ
D:\USERS\PAKULKARNI\DOCUMENTS\VISUAL STUDIO 2012\PROJECTS\BABYCRYENGINE\BABYCRYENGINE\DEBUG\FONT.OBJ
D:\USERS\PAKULKARNI\DOCUMENTS\VISUAL STUDIO 2012\PROJECTS\BABYCRYENGINE\BABYCRYENGINE\DEBUG\INPUT.OBJ
D:\USERS\PAKULKARNI\DOCUMENTS\VISUAL STUDIO 2012\PROJECTS\BABYCRYENGINE\BABYCRYENGINE\DEBUG\SCRIPTING.OBJ
D:\USERS\PAKULKARNI\DOCUMENTS\VISUAL STUDIO 2012\PROJECTS\BABYCRYENGINE\BABYCRYENGINE\DEBUG\SOUNDSYSTEM.OBJ
D:\USERS\PAKULKARNI\DOCUMENTS\VISUAL STUDIO 2012\PROJECTS\BABYCRYENGINE\BABYCRYENGINE\DEBUG\STATE.OBJ
D:\USERS\PAKULKARNI\DOCUMENTS\VISUAL STUDIO 2012\PROJECTS\BABYCRYENGINE\BABYCRYENGINE\DEBUG\VC110.PDB
D:\USERS\PAKULKARNI\DOCUMENTS\VISUAL STUDIO 2012\PROJECTS\BABYCRYENGINE\DEBUG\BABYCRYENGINE.LIB
D:\USERS\PAKULKARNI\DOCUMENTS\VISUAL STUDIO 2012\PROJECTS\BABYCRYENGINE\BABYCRYENGINE\DEBUG\RESOURCE.RES
D:\Users\pakulkarni\Documents\Visual Studio 2012\Projects\BabyCryEngine\BabyCryEngine\Debug\DeviceEnumeration.obj
D:\Users\pakulkarni\Documents\Visual Studio 2012\Projects\BabyCryEngine\BabyCryEngine\Debug\Engine.obj
D:\Users\pakulkarni\Documents\Visual Studio 2012\Projects\BabyCryEngine\BabyCryEngine\Debug\Font.obj
D:\Users\pakulkarni\Documents\Visual Studio 2012\Projects\BabyCryEngine\BabyCryEngine\Debug\Input.obj
D:\Users\pakulkarni\Documents\Visual Studio 2012\Projects\BabyCryEngine\BabyCryEngine\Debug\Scripting.obj
D:\Users\pakulkarni\Documents\Visual Studio 2012\Projects\BabyCryEngine\BabyCryEngine\Debug\SoundSystem.obj
D:\Users\pakulkarni\Documents\Visual Studio 2012\Projects\BabyCryEngine\BabyCryEngine\Debug\State.obj
D:\Users\pakulkarni\Documents\Visual Studio 2012\Projects\BabyCryEngine\BabyCryEngine\Debug\cl.command.1.tlog
D:\Users\pakulkarni\Documents\Visual Studio 2012\Projects\BabyCryEngine\BabyCryEngine\Debug\CL.read.1.tlog
D:\Users\pakulkarni\Documents\Visual Studio 2012\Projects\BabyCryEngine\BabyCryEngine\Debug\CL.write.1.tlog
D:\Users\pakulkarni\Documents\Visual Studio 2012\Projects\BabyCryEngine\BabyCryEngine\Debug\Lib-link-cvtres.read.1.tlog
D:\Users\pakulkarni\Documents\Visual Studio 2012\Projects\BabyCryEngine\BabyCryEngine\Debug\Lib-link-cvtres.write.1.tlog
D:\Users\pakulkarni\Documents\Visual Studio 2012\Projects\BabyCryEngine\BabyCryEngine\Debug\Lib-link.read.1.tlog
D:\Users\pakulkarni\Documents\Visual Studio 2012\Projects\BabyCryEngine\BabyCryEngine\Debug\Lib-link.write.1.tlog
D:\Users\pakulkarni\Documents\Visual Studio 2012\Projects\BabyCryEngine\BabyCryEngine\Debug\lib.command.1.tlog
D:\Users\pakulkarni\Documents\Visual Studio 2012\Projects\BabyCryEngine\BabyCryEngine\Debug\rc.command.1.tlog
D:\Users\pakulkarni\Documents\Visual Studio 2012\Projects\BabyCryEngine\BabyCryEngine\Debug\rc.read.1.tlog
D:\Users\pakulkarni\Documents\Visual Studio 2012\Projects\BabyCryEngine\BabyCryEngine\Debug\rc.write.1.tlog
D:\Users\pakulkarni\Documents\Visual Studio 2012\Projects\BabyCryEngine\BabyCryEngine\Debug\Resource.res
D:\Users\pakulkarni\Documents\Visual Studio 2012\Projects\BabyCryEngine\BabyCryEngine\Debug\vc110.idb
D:\Users\pakulkarni\Documents\Visual Studio 2012\Projects\BabyCryEngine\BabyCryEngine\Debug\vc110.pdb
D:\Users\pakulkarni\Documents\Visual Studio 2012\Projects\BabyCryEngine\Debug\BabyCryEngine.lib
